<?xml version="1.0" encoding="UTF-8"?>
<testsuite name="org.launchcode.CheeseMvcApplicationTests" tests="1" skipped="0" failures="0" errors="0" timestamp="2019-02-04T23:33:29" hostname="RonnPC" time="1.653">
  <properties/>
  <testcase name="contextLoads" classname="org.launchcode.CheeseMvcApplicationTests" time="1.653"/>
  <system-out><![CDATA[17:32:04.639 [Test worker] DEBUG org.springframework.test.context.junit4.SpringJUnit4ClassRunner - SpringJUnit4ClassRunner constructor called with [class org.launchcode.CheeseMvcApplicationTests]
17:32:04.775 [Test worker] DEBUG org.springframework.test.context.BootstrapUtils - Instantiating CacheAwareContextLoaderDelegate from class [org.springframework.test.context.cache.DefaultCacheAwareContextLoaderDelegate]
17:32:04.995 [Test worker] DEBUG org.springframework.test.context.BootstrapUtils - Instantiating BootstrapContext using constructor [public org.springframework.test.context.support.DefaultBootstrapContext(java.lang.Class,org.springframework.test.context.CacheAwareContextLoaderDelegate)]
17:32:05.065 [Test worker] DEBUG org.springframework.test.context.BootstrapUtils - Instantiating TestContextBootstrapper for test class [org.launchcode.CheeseMvcApplicationTests] from class [org.springframework.boot.test.context.SpringBootTestContextBootstrapper]
17:32:05.356 [Test worker] INFO org.springframework.boot.test.context.SpringBootTestContextBootstrapper - Neither @ContextConfiguration nor @ContextHierarchy found for test class [org.launchcode.CheeseMvcApplicationTests], using SpringBootContextLoader
17:32:05.418 [Test worker] DEBUG org.springframework.test.context.support.AbstractContextLoader - Did not detect default resource location for test class [org.launchcode.CheeseMvcApplicationTests]: class path resource [org/launchcode/CheeseMvcApplicationTests-context.xml] does not exist
17:32:05.424 [Test worker] DEBUG org.springframework.test.context.support.AbstractContextLoader - Did not detect default resource location for test class [org.launchcode.CheeseMvcApplicationTests]: class path resource [org/launchcode/CheeseMvcApplicationTestsContext.groovy] does not exist
17:32:05.430 [Test worker] INFO org.springframework.test.context.support.AbstractContextLoader - Could not detect default resource locations for test class [org.launchcode.CheeseMvcApplicationTests]: no resource found for suffixes {-context.xml, Context.groovy}.
17:32:05.454 [Test worker] INFO org.springframework.test.context.support.AnnotationConfigContextLoaderUtils - Could not detect default configuration classes for test class [org.launchcode.CheeseMvcApplicationTests]: CheeseMvcApplicationTests does not declare any static, non-private, non-final, nested classes annotated with @Configuration.
17:32:06.389 [Test worker] DEBUG org.springframework.test.context.support.ActiveProfilesUtils - Could not find an 'annotation declaring class' for annotation type [org.springframework.test.context.ActiveProfiles] and class [org.launchcode.CheeseMvcApplicationTests]
17:32:06.446 [Test worker] DEBUG org.springframework.core.env.StandardEnvironment - Adding [systemProperties] PropertySource with lowest search precedence
17:32:06.477 [Test worker] DEBUG org.springframework.core.env.StandardEnvironment - Adding [systemEnvironment] PropertySource with lowest search precedence
17:32:06.478 [Test worker] DEBUG org.springframework.core.env.StandardEnvironment - Initialized StandardEnvironment with PropertySources [systemProperties,systemEnvironment]
17:32:06.551 [Test worker] DEBUG org.springframework.core.io.support.PathMatchingResourcePatternResolver - Resolved classpath location [org/launchcode/] to resources [URL [file:/C:/Users/Ronn/lc101/cheese-mvc-persistent-master/cheese-mvc-persistent-master/build/classes/test/org/launchcode/], URL [file:/C:/Users/Ronn/lc101/cheese-mvc-persistent-master/cheese-mvc-persistent-master/build/classes/main/org/launchcode/]]
17:32:06.560 [Test worker] DEBUG org.springframework.core.io.support.PathMatchingResourcePatternResolver - Looking for matching resources in directory tree [C:\Users\Ronn\lc101\cheese-mvc-persistent-master\cheese-mvc-persistent-master\build\classes\test\org\launchcode]
17:32:06.576 [Test worker] DEBUG org.springframework.core.io.support.PathMatchingResourcePatternResolver - Searching directory [C:\Users\Ronn\lc101\cheese-mvc-persistent-master\cheese-mvc-persistent-master\build\classes\test\org\launchcode] for files matching pattern [C:/Users/Ronn/lc101/cheese-mvc-persistent-master/cheese-mvc-persistent-master/build/classes/test/org/launchcode/*.class]
17:32:06.626 [Test worker] DEBUG org.springframework.core.io.support.PathMatchingResourcePatternResolver - Looking for matching resources in directory tree [C:\Users\Ronn\lc101\cheese-mvc-persistent-master\cheese-mvc-persistent-master\build\classes\main\org\launchcode]
17:32:06.627 [Test worker] DEBUG org.springframework.core.io.support.PathMatchingResourcePatternResolver - Searching directory [C:\Users\Ronn\lc101\cheese-mvc-persistent-master\cheese-mvc-persistent-master\build\classes\main\org\launchcode] for files matching pattern [C:/Users/Ronn/lc101/cheese-mvc-persistent-master/cheese-mvc-persistent-master/build/classes/main/org/launchcode/*.class]
17:32:06.630 [Test worker] DEBUG org.springframework.core.io.support.PathMatchingResourcePatternResolver - Resolved location pattern [classpath*:org/launchcode/*.class] to resources [file [C:\Users\Ronn\lc101\cheese-mvc-persistent-master\cheese-mvc-persistent-master\build\classes\test\org\launchcode\CheeseMvcApplicationTests.class], file [C:\Users\Ronn\lc101\cheese-mvc-persistent-master\cheese-mvc-persistent-master\build\classes\main\org\launchcode\CheeseMvcApplication.class]]
17:32:06.867 [Test worker] DEBUG org.springframework.context.annotation.ClassPathScanningCandidateComponentProvider - Identified candidate component class: file [C:\Users\Ronn\lc101\cheese-mvc-persistent-master\cheese-mvc-persistent-master\build\classes\main\org\launchcode\CheeseMvcApplication.class]
17:32:06.879 [Test worker] INFO org.springframework.boot.test.context.SpringBootTestContextBootstrapper - Found @SpringBootConfiguration org.launchcode.CheeseMvcApplication for test class org.launchcode.CheeseMvcApplicationTests
17:32:06.994 [Test worker] DEBUG org.springframework.boot.test.context.SpringBootTestContextBootstrapper - @TestExecutionListeners is not present for class [org.launchcode.CheeseMvcApplicationTests]: using defaults.
17:32:07.100 [Test worker] INFO org.springframework.boot.test.context.SpringBootTestContextBootstrapper - Loaded default TestExecutionListener class names from location [META-INF/spring.factories]: [org.springframework.boot.test.mock.mockito.MockitoTestExecutionListener, org.springframework.boot.test.mock.mockito.ResetMocksTestExecutionListener, org.springframework.boot.test.autoconfigure.restdocs.RestDocsTestExecutionListener, org.springframework.boot.test.autoconfigure.web.client.MockRestServiceServerResetTestExecutionListener, org.springframework.boot.test.autoconfigure.web.servlet.MockMvcPrintOnlyOnFailureTestExecutionListener, org.springframework.boot.test.autoconfigure.web.servlet.WebDriverTestExecutionListener, org.springframework.test.context.web.ServletTestExecutionListener, org.springframework.test.context.support.DirtiesContextBeforeModesTestExecutionListener, org.springframework.test.context.support.DependencyInjectionTestExecutionListener, org.springframework.test.context.support.DirtiesContextTestExecutionListener, org.springframework.test.context.transaction.TransactionalTestExecutionListener, org.springframework.test.context.jdbc.SqlScriptsTestExecutionListener]
17:32:08.073 [Test worker] INFO org.springframework.boot.test.context.SpringBootTestContextBootstrapper - Using TestExecutionListeners: [org.springframework.test.context.web.ServletTestExecutionListener@27e66a65, org.springframework.test.context.support.DirtiesContextBeforeModesTestExecutionListener@23757252, org.springframework.boot.test.autoconfigure.SpringBootDependencyInjectionTestExecutionListener@7689b88, org.springframework.test.context.support.DirtiesContextTestExecutionListener@6f24d9c, org.springframework.test.context.transaction.TransactionalTestExecutionListener@12d3ba65, org.springframework.test.context.jdbc.SqlScriptsTestExecutionListener@1a3cad8f, org.springframework.boot.test.autoconfigure.web.servlet.MockMvcPrintOnlyOnFailureTestExecutionListener@59cbd19b, org.springframework.boot.test.autoconfigure.web.client.MockRestServiceServerResetTestExecutionListener@4dc1f993, org.springframework.boot.test.mock.mockito.ResetMocksTestExecutionListener@42ce62dc, org.springframework.boot.test.autoconfigure.web.servlet.WebDriverTestExecutionListener@3de1efdf, org.springframework.boot.test.mock.mockito.MockitoTestExecutionListener@3a21a6f1, org.springframework.boot.test.autoconfigure.restdocs.RestDocsTestExecutionListener@786edd47]
17:32:08.128 [Test worker] DEBUG org.springframework.test.annotation.ProfileValueUtils - Retrieved @ProfileValueSourceConfiguration [null] for test class [org.launchcode.CheeseMvcApplicationTests]
17:32:08.131 [Test worker] DEBUG org.springframework.test.annotation.ProfileValueUtils - Retrieved ProfileValueSource type [class org.springframework.test.annotation.SystemProfileValueSource] for class [org.launchcode.CheeseMvcApplicationTests]
17:32:08.186 [Test worker] DEBUG org.springframework.test.annotation.ProfileValueUtils - Retrieved @ProfileValueSourceConfiguration [null] for test class [org.launchcode.CheeseMvcApplicationTests]
17:32:08.186 [Test worker] DEBUG org.springframework.test.annotation.ProfileValueUtils - Retrieved ProfileValueSource type [class org.springframework.test.annotation.SystemProfileValueSource] for class [org.launchcode.CheeseMvcApplicationTests]
17:32:08.269 [Test worker] DEBUG org.springframework.test.context.support.AbstractDirtiesContextTestExecutionListener - Before test class: context [DefaultTestContext@37471f38 testClass = CheeseMvcApplicationTests, testInstance = [null], testMethod = [null], testException = [null], mergedContextConfiguration = [WebMergedContextConfiguration@b0a041e testClass = CheeseMvcApplicationTests, locations = '{}', classes = '{class org.launchcode.CheeseMvcApplication}', contextInitializerClasses = '[]', activeProfiles = '{}', propertySourceLocations = '{}', propertySourceProperties = '{org.springframework.boot.test.context.SpringBootTestContextBootstrapper=true}', contextCustomizers = set[org.springframework.boot.test.context.SpringBootTestContextCustomizer@527e7731, org.springframework.boot.test.context.filter.ExcludeFilterContextCustomizer@31a4e5e9, org.springframework.boot.test.mock.mockito.MockitoContextCustomizer@0, org.springframework.boot.test.autoconfigure.properties.PropertyMappingContextCustomizer@0, org.springframework.boot.test.autoconfigure.web.servlet.WebDriverContextCustomizerFactory$Customizer@40694f4e], resourceBasePath = 'src/main/webapp', contextLoader = 'org.springframework.boot.test.context.SpringBootContextLoader', parent = [null]]], class annotated with @DirtiesContext [false] with mode [null].
17:32:08.274 [Test worker] DEBUG org.springframework.test.annotation.ProfileValueUtils - Retrieved @ProfileValueSourceConfiguration [null] for test class [org.launchcode.CheeseMvcApplicationTests]
17:32:08.276 [Test worker] DEBUG org.springframework.test.annotation.ProfileValueUtils - Retrieved ProfileValueSource type [class org.springframework.test.annotation.SystemProfileValueSource] for class [org.launchcode.CheeseMvcApplicationTests]
17:32:09.162 [Test worker] DEBUG org.springframework.core.env.StandardEnvironment - Adding [systemProperties] PropertySource with lowest search precedence
17:32:09.178 [Test worker] DEBUG org.springframework.core.env.StandardEnvironment - Adding [systemEnvironment] PropertySource with lowest search precedence
17:32:09.180 [Test worker] DEBUG org.springframework.core.env.StandardEnvironment - Initialized StandardEnvironment with PropertySources [systemProperties,systemEnvironment]
17:32:09.203 [Test worker] DEBUG org.springframework.core.env.MutablePropertySources - Adding [inline] PropertySource with highest search precedence
17:32:09.425 [Test worker] DEBUG org.springframework.test.context.support.TestPropertySourceUtils - Adding inlined properties to environment: {spring.jmx.enabled=false, org.springframework.boot.test.context.SpringBootTestContextBootstrapper=true, server.port=-1}
17:32:09.425 [Test worker] DEBUG org.springframework.core.env.StandardEnvironment - Adding [Inlined Test Properties] PropertySource with highest search precedence

  .   ____          _            __ _ _
 /\\ / ___'_ __ _ _(_)_ __  __ _ \ \ \ \
( ( )\___ | '_ | '_| | '_ \/ _` | \ \ \ \
 \\/  ___)| |_)| | | | | || (_| |  ) ) ) )
  '  |____| .__|_| |_|_| |_\__, | / / / /
 =========|_|==============|___/=/_/_/_/
 :: Spring Boot ::        (v1.5.2.RELEASE)

2019-02-04 17:32:12.415  INFO 10252 --- [    Test worker] o.launchcode.CheeseMvcApplicationTests   : Starting CheeseMvcApplicationTests on RonnPC with PID 10252 (started by Ronn in C:\Users\Ronn\lc101\cheese-mvc-persistent-master\cheese-mvc-persistent-master)
2019-02-04 17:32:12.419  INFO 10252 --- [    Test worker] o.launchcode.CheeseMvcApplicationTests   : No active profile set, falling back to default profiles: default
2019-02-04 17:32:17.830  INFO 10252 --- [    Test worker] o.s.w.c.s.GenericWebApplicationContext   : Refreshing org.springframework.web.context.support.GenericWebApplicationContext@24a52f19: startup date [Mon Feb 04 17:32:17 CST 2019]; root of context hierarchy
2019-02-04 17:32:28.596  INFO 10252 --- [    Test worker] trationDelegate$BeanPostProcessorChecker : Bean 'org.springframework.transaction.annotation.ProxyTransactionManagementConfiguration' of type [org.springframework.transaction.annotation.ProxyTransactionManagementConfiguration$$EnhancerBySpringCGLIB$$c0ba7256] is not eligible for getting processed by all BeanPostProcessors (for example: not eligible for auto-proxying)
2019-02-04 17:32:32.379  INFO 10252 --- [    Test worker] j.LocalContainerEntityManagerFactoryBean : Building JPA container EntityManagerFactory for persistence unit 'default'
2019-02-04 17:32:32.785  INFO 10252 --- [    Test worker] o.hibernate.jpa.internal.util.LogHelper  : HHH000204: Processing PersistenceUnitInfo [
	name: default
	...]
2019-02-04 17:32:36.358  INFO 10252 --- [    Test worker] org.hibernate.Version                    : HHH000412: Hibernate Core {5.0.12.Final}
2019-02-04 17:32:36.366  INFO 10252 --- [    Test worker] org.hibernate.cfg.Environment            : HHH000206: hibernate.properties not found
2019-02-04 17:32:36.395  INFO 10252 --- [    Test worker] org.hibernate.cfg.Environment            : HHH000021: Bytecode provider name : javassist
2019-02-04 17:32:37.795  INFO 10252 --- [    Test worker] o.hibernate.annotations.common.Version   : HCANN000001: Hibernate Commons Annotations {5.0.1.Final}
2019-02-04 17:32:44.349  INFO 10252 --- [    Test worker] org.hibernate.dialect.Dialect            : HHH000400: Using dialect: org.hibernate.dialect.MySQL5Dialect
2019-02-04 17:32:53.935  INFO 10252 --- [    Test worker] org.hibernate.tool.hbm2ddl.SchemaUpdate  : HHH000228: Running hbm2ddl schema update
2019-02-04 17:33:09.539  INFO 10252 --- [    Test worker] j.LocalContainerEntityManagerFactoryBean : Initialized JPA EntityManagerFactory for persistence unit 'default'
2019-02-04 17:33:19.420  INFO 10252 --- [    Test worker] s.w.s.m.m.a.RequestMappingHandlerAdapter : Looking for @ControllerAdvice: org.springframework.web.context.support.GenericWebApplicationContext@24a52f19: startup date [Mon Feb 04 17:32:17 CST 2019]; root of context hierarchy
2019-02-04 17:33:19.831  INFO 10252 --- [    Test worker] s.w.s.m.m.a.RequestMappingHandlerMapping : Mapped "{[/category]}" onto public java.lang.String org.launchcode.controllers.CategoryController.index(org.springframework.ui.Model)
2019-02-04 17:33:19.887  INFO 10252 --- [    Test worker] s.w.s.m.m.a.RequestMappingHandlerMapping : Mapped "{[/category/add],methods=[POST]}" onto public java.lang.String org.launchcode.controllers.CategoryController.add(org.springframework.ui.Model,org.launchcode.models.Category,org.springframework.validation.Errors)
2019-02-04 17:33:19.913  INFO 10252 --- [    Test worker] s.w.s.m.m.a.RequestMappingHandlerMapping : Mapped "{[/category/add],methods=[GET]}" onto public java.lang.String org.launchcode.controllers.CategoryController.add(org.springframework.ui.Model)
2019-02-04 17:33:19.958  INFO 10252 --- [    Test worker] s.w.s.m.m.a.RequestMappingHandlerMapping : Mapped "{[/cheese]}" onto public java.lang.String org.launchcode.controllers.CheeseController.index(org.springframework.ui.Model)
2019-02-04 17:33:19.962  INFO 10252 --- [    Test worker] s.w.s.m.m.a.RequestMappingHandlerMapping : Mapped "{[/cheese/category/{categoryId}],methods=[GET]}" onto public java.lang.String org.launchcode.controllers.CheeseController.category(org.springframework.ui.Model,int)
2019-02-04 17:33:19.967  INFO 10252 --- [    Test worker] s.w.s.m.m.a.RequestMappingHandlerMapping : Mapped "{[/cheese/edit/{cheeseId}],methods=[GET]}" onto public java.lang.String org.launchcode.controllers.CheeseController.displayEditForm(org.springframework.ui.Model,int)
2019-02-04 17:33:20.004  INFO 10252 --- [    Test worker] s.w.s.m.m.a.RequestMappingHandlerMapping : Mapped "{[/cheese/edit],methods=[POST]}" onto public java.lang.String org.launchcode.controllers.CheeseController.processEditForm(int,java.lang.String,java.lang.String,int)
2019-02-04 17:33:20.008  INFO 10252 --- [    Test worker] s.w.s.m.m.a.RequestMappingHandlerMapping : Mapped "{[/cheese/add],methods=[POST]}" onto public java.lang.String org.launchcode.controllers.CheeseController.processAddCheeseForm(org.launchcode.models.Cheese,org.springframework.validation.Errors,int,org.springframework.ui.Model)
2019-02-04 17:33:20.014  INFO 10252 --- [    Test worker] s.w.s.m.m.a.RequestMappingHandlerMapping : Mapped "{[/cheese/remove],methods=[GET]}" onto public java.lang.String org.launchcode.controllers.CheeseController.displayRemoveCheeseForm(org.springframework.ui.Model)
2019-02-04 17:33:20.038  INFO 10252 --- [    Test worker] s.w.s.m.m.a.RequestMappingHandlerMapping : Mapped "{[/cheese/remove],methods=[POST]}" onto public java.lang.String org.launchcode.controllers.CheeseController.processRemoveCheeseForm(int[])
2019-02-04 17:33:20.041  INFO 10252 --- [    Test worker] s.w.s.m.m.a.RequestMappingHandlerMapping : Mapped "{[/cheese/add],methods=[GET]}" onto public java.lang.String org.launchcode.controllers.CheeseController.displayAddCheeseForm(org.springframework.ui.Model)
2019-02-04 17:33:20.073  INFO 10252 --- [    Test worker] s.w.s.m.m.a.RequestMappingHandlerMapping : Mapped "{[/menu]}" onto public java.lang.String org.launchcode.controllers.MenuController.index(org.springframework.ui.Model)
2019-02-04 17:33:20.075  INFO 10252 --- [    Test worker] s.w.s.m.m.a.RequestMappingHandlerMapping : Mapped "{[/menu/add],methods=[POST]}" onto public java.lang.String org.launchcode.controllers.MenuController.add(org.springframework.ui.Model,org.launchcode.models.Menu,org.springframework.validation.Errors)
2019-02-04 17:33:20.076  INFO 10252 --- [    Test worker] s.w.s.m.m.a.RequestMappingHandlerMapping : Mapped "{[/menu/add],methods=[GET]}" onto public java.lang.String org.launchcode.controllers.MenuController.add(org.springframework.ui.Model)
2019-02-04 17:33:20.078  INFO 10252 --- [    Test worker] s.w.s.m.m.a.RequestMappingHandlerMapping : Mapped "{[/menu/view/{menuId}],methods=[GET]}" onto public java.lang.String org.launchcode.controllers.MenuController.viewMenu(org.springframework.ui.Model,int)
2019-02-04 17:33:20.079  INFO 10252 --- [    Test worker] s.w.s.m.m.a.RequestMappingHandlerMapping : Mapped "{[/menu/add-item],methods=[POST]}" onto public java.lang.String org.launchcode.controllers.MenuController.addItem(org.springframework.ui.Model,org.launchcode.models.forms.AddMenuItemForm,org.springframework.validation.Errors,int,int)
2019-02-04 17:33:20.080  INFO 10252 --- [    Test worker] s.w.s.m.m.a.RequestMappingHandlerMapping : Mapped "{[/menu/add-item/{menuId}],methods=[GET]}" onto public java.lang.String org.launchcode.controllers.MenuController.addItem(org.springframework.ui.Model,int)
2019-02-04 17:33:20.088  INFO 10252 --- [    Test worker] s.w.s.m.m.a.RequestMappingHandlerMapping : Mapped "{[/error]}" onto public org.springframework.http.ResponseEntity<java.util.Map<java.lang.String, java.lang.Object>> org.springframework.boot.autoconfigure.web.BasicErrorController.error(javax.servlet.http.HttpServletRequest)
2019-02-04 17:33:20.089  INFO 10252 --- [    Test worker] s.w.s.m.m.a.RequestMappingHandlerMapping : Mapped "{[/error],produces=[text/html]}" onto public org.springframework.web.servlet.ModelAndView org.springframework.boot.autoconfigure.web.BasicErrorController.errorHtml(javax.servlet.http.HttpServletRequest,javax.servlet.http.HttpServletResponse)
2019-02-04 17:33:20.725  INFO 10252 --- [    Test worker] o.s.w.s.handler.SimpleUrlHandlerMapping  : Mapped URL path [/webjars/**] onto handler of type [class org.springframework.web.servlet.resource.ResourceHttpRequestHandler]
2019-02-04 17:33:20.733  INFO 10252 --- [    Test worker] o.s.w.s.handler.SimpleUrlHandlerMapping  : Mapped URL path [/**] onto handler of type [class org.springframework.web.servlet.resource.ResourceHttpRequestHandler]
2019-02-04 17:33:20.962  INFO 10252 --- [    Test worker] o.s.w.s.handler.SimpleUrlHandlerMapping  : Mapped URL path [/**/favicon.ico] onto handler of type [class org.springframework.web.servlet.resource.ResourceHttpRequestHandler]
2019-02-04 17:33:28.603  INFO 10252 --- [    Test worker] o.launchcode.CheeseMvcApplicationTests   : Started CheeseMvcApplicationTests in 79.042 seconds (JVM running for 104.377)
]]></system-out>
  <system-err><![CDATA[]]></system-err>
</testsuite>
